\BOOKMARK [1][-]{section.1}{1 Indledning}{}% 1
\BOOKMARK [1][-]{section.2}{2 Baggrund}{}% 2
\BOOKMARK [1][-]{section.3}{3 Analyse}{}% 3
\BOOKMARK [1][-]{section.4}{4 Design}{}% 4
\BOOKMARK [2][-]{subsection.4.1}{4.1 Design principper}{section.4}% 5
\BOOKMARK [1][-]{section.5}{5 Implementation}{}% 6
\BOOKMARK [2][-]{subsection.5.1}{5.1 Kollision}{section.5}% 7
\BOOKMARK [2][-]{subsection.5.2}{5.2 Fysik}{section.5}% 8
\BOOKMARK [2][-]{subsection.5.3}{5.3 Customers}{section.5}% 9
\BOOKMARK [2][-]{subsection.5.4}{5.4 GamePaused}{section.5}% 10
\BOOKMARK [1][-]{section.6}{6 Evaluering}{}% 11
\BOOKMARK [2][-]{subsection.6.1}{6.1 Testplan}{section.6}% 12
\BOOKMARK [3][-]{subsubsection.6.1.1}{6.1.1 Player}{subsection.6.1}% 13
\BOOKMARK [3][-]{subsubsection.6.1.2}{6.1.2 EntityCreator}{subsection.6.1}% 14
\BOOKMARK [3][-]{subsubsection.6.1.3}{6.1.3 FileReader}{subsection.6.1}% 15
\BOOKMARK [3][-]{subsubsection.6.1.4}{6.1.4 LevelCreator}{subsection.6.1}% 16
\BOOKMARK [3][-]{subsubsection.6.1.5}{6.1.5 StateMachine}{subsection.6.1}% 17
\BOOKMARK [3][-]{subsubsection.6.1.6}{6.1.6 MainMenu}{subsection.6.1}% 18
\BOOKMARK [3][-]{subsubsection.6.1.7}{6.1.7 GameRunning}{subsection.6.1}% 19
\BOOKMARK [3][-]{subsubsection.6.1.8}{6.1.8 GamePaused}{subsection.6.1}% 20
\BOOKMARK [3][-]{subsubsection.6.1.9}{6.1.9 Customer}{subsection.6.1}% 21
\BOOKMARK [3][-]{subsubsection.6.1.10}{6.1.10 Integrationstests}{subsection.6.1}% 22
\BOOKMARK [1][-]{section.7}{7 Konklusion}{}% 23
